{"@timestamp":"2022-01-30T20:38:54.763-03:00","@version":"1","message":"Starting UserApplication using Java 17.0.1 on DESKTOP-FN847OM with PID 9220 (C:\\dck\\user\\target\\classes started by Amadeus in C:\\dck\\user)","logger_name":"br.com.api.user.UserApplication","thread_name":"main","level":"INFO","level_value":20000}
{"@timestamp":"2022-01-30T20:38:54.783-03:00","@version":"1","message":"No active profile set, falling back to default profiles: default","logger_name":"br.com.api.user.UserApplication","thread_name":"main","level":"INFO","level_value":20000}
{"@timestamp":"2022-01-30T20:38:56.632-03:00","@version":"1","message":"Multiple Spring Data modules found, entering strict repository configuration mode!","logger_name":"org.springframework.data.repository.config.RepositoryConfigurationDelegate","thread_name":"main","level":"INFO","level_value":20000}
{"@timestamp":"2022-01-30T20:38:56.641-03:00","@version":"1","message":"Bootstrapping Spring Data JPA repositories in DEFAULT mode.","logger_name":"org.springframework.data.repository.config.RepositoryConfigurationDelegate","thread_name":"main","level":"INFO","level_value":20000}
{"@timestamp":"2022-01-30T20:38:56.974-03:00","@version":"1","message":"Finished Spring Data repository scanning in 304 ms. Found 1 JPA repository interfaces.","logger_name":"org.springframework.data.repository.config.RepositoryConfigurationDelegate","thread_name":"main","level":"INFO","level_value":20000}
{"@timestamp":"2022-01-30T20:38:57.053-03:00","@version":"1","message":"Multiple Spring Data modules found, entering strict repository configuration mode!","logger_name":"org.springframework.data.repository.config.RepositoryConfigurationDelegate","thread_name":"main","level":"INFO","level_value":20000}
{"@timestamp":"2022-01-30T20:38:57.059-03:00","@version":"1","message":"Bootstrapping Spring Data Redis repositories in DEFAULT mode.","logger_name":"org.springframework.data.repository.config.RepositoryConfigurationDelegate","thread_name":"main","level":"INFO","level_value":20000}
{"@timestamp":"2022-01-30T20:38:57.121-03:00","@version":"1","message":"Spring Data Redis - Could not safely identify store assignment for repository candidate interface br.com.api.user.repository.UserRepository. If you want this repository to be a Redis repository, consider annotating your entities with one of these annotations: org.springframework.data.redis.core.RedisHash (preferred), or consider extending one of the following types with your repository: org.springframework.data.keyvalue.repository.KeyValueRepository.","logger_name":"org.springframework.data.repository.config.RepositoryConfigurationExtensionSupport","thread_name":"main","level":"INFO","level_value":20000}
{"@timestamp":"2022-01-30T20:38:57.133-03:00","@version":"1","message":"Finished Spring Data repository scanning in 33 ms. Found 0 Redis repository interfaces.","logger_name":"org.springframework.data.repository.config.RepositoryConfigurationDelegate","thread_name":"main","level":"INFO","level_value":20000}
{"@timestamp":"2022-01-30T20:38:58.707-03:00","@version":"1","message":"Tomcat initialized with port(s): 8080 (http)","logger_name":"org.springframework.boot.web.embedded.tomcat.TomcatWebServer","thread_name":"main","level":"INFO","level_value":20000}
{"@timestamp":"2022-01-30T20:38:58.729-03:00","@version":"1","message":"Starting service [Tomcat]","logger_name":"org.apache.catalina.core.StandardService","thread_name":"main","level":"INFO","level_value":20000}
{"@timestamp":"2022-01-30T20:38:58.731-03:00","@version":"1","message":"Starting Servlet engine: [Apache Tomcat/9.0.56]","logger_name":"org.apache.catalina.core.StandardEngine","thread_name":"main","level":"INFO","level_value":20000}
{"@timestamp":"2022-01-30T20:38:58.961-03:00","@version":"1","message":"Initializing Spring embedded WebApplicationContext","logger_name":"org.apache.catalina.core.ContainerBase.[Tomcat].[localhost].[/]","thread_name":"main","level":"INFO","level_value":20000}
{"@timestamp":"2022-01-30T20:38:58.964-03:00","@version":"1","message":"Root WebApplicationContext: initialization completed in 4069 ms","logger_name":"org.springframework.boot.web.servlet.context.ServletWebServerApplicationContext","thread_name":"main","level":"INFO","level_value":20000}
{"@timestamp":"2022-01-30T20:38:59.756-03:00","@version":"1","message":"Flyway Community Edition 7.7.3 by Redgate","logger_name":"org.flywaydb.core.internal.license.VersionPrinter","thread_name":"main","level":"INFO","level_value":20000}
{"@timestamp":"2022-01-30T20:38:59.773-03:00","@version":"1","message":"HikariPool-1 - Starting...","logger_name":"com.zaxxer.hikari.HikariDataSource","thread_name":"main","level":"INFO","level_value":20000}
{"@timestamp":"2022-01-30T20:39:00.581-03:00","@version":"1","message":"HikariPool-1 - Start completed.","logger_name":"com.zaxxer.hikari.HikariDataSource","thread_name":"main","level":"INFO","level_value":20000}
{"@timestamp":"2022-01-30T20:39:00.680-03:00","@version":"1","message":"Database: jdbc:mysql://localhost:3306/serasa (MySQL 8.0)","logger_name":"org.flywaydb.core.internal.database.base.DatabaseType","thread_name":"main","level":"INFO","level_value":20000}
{"@timestamp":"2022-01-30T20:39:01.176-03:00","@version":"1","message":"Successfully validated 2 migrations (execution time 00:00.100s)","logger_name":"org.flywaydb.core.internal.command.DbValidate","thread_name":"main","level":"INFO","level_value":20000}
{"@timestamp":"2022-01-30T20:39:01.216-03:00","@version":"1","message":"Current version of schema `serasa`: 2","logger_name":"org.flywaydb.core.internal.command.DbMigrate","thread_name":"main","level":"INFO","level_value":20000}
{"@timestamp":"2022-01-30T20:39:01.222-03:00","@version":"1","message":"Schema `serasa` is up to date. No migration necessary.","logger_name":"org.flywaydb.core.internal.command.DbMigrate","thread_name":"main","level":"INFO","level_value":20000}
{"@timestamp":"2022-01-30T20:39:01.409-03:00","@version":"1","message":"HHH000204: Processing PersistenceUnitInfo [name: default]","logger_name":"org.hibernate.jpa.internal.util.LogHelper","thread_name":"main","level":"INFO","level_value":20000}
{"@timestamp":"2022-01-30T20:39:01.559-03:00","@version":"1","message":"HHH000412: Hibernate ORM core version 5.4.33","logger_name":"org.hibernate.Version","thread_name":"main","level":"INFO","level_value":20000}
{"@timestamp":"2022-01-30T20:39:01.897-03:00","@version":"1","message":"HCANN000001: Hibernate Commons Annotations {5.1.2.Final}","logger_name":"org.hibernate.annotations.common.Version","thread_name":"main","level":"INFO","level_value":20000}
{"@timestamp":"2022-01-30T20:39:02.120-03:00","@version":"1","message":"HHH000400: Using dialect: org.hibernate.dialect.MySQL5InnoDBDialect","logger_name":"org.hibernate.dialect.Dialect","thread_name":"main","level":"INFO","level_value":20000}
{"@timestamp":"2022-01-30T20:39:03.033-03:00","@version":"1","message":"HHH000490: Using JtaPlatform implementation: [org.hibernate.engine.transaction.jta.platform.internal.NoJtaPlatform]","logger_name":"org.hibernate.engine.transaction.jta.platform.internal.JtaPlatformInitiator","thread_name":"main","level":"INFO","level_value":20000}
{"@timestamp":"2022-01-30T20:39:03.053-03:00","@version":"1","message":"Initialized JPA EntityManagerFactory for persistence unit 'default'","logger_name":"org.springframework.orm.jpa.LocalContainerEntityManagerFactoryBean","thread_name":"main","level":"INFO","level_value":20000}
{"@timestamp":"2022-01-30T20:39:03.972-03:00","@version":"1","message":"spring.jpa.open-in-view is enabled by default. Therefore, database queries may be performed during view rendering. Explicitly configure spring.jpa.open-in-view to disable this warning","logger_name":"org.springframework.boot.autoconfigure.orm.jpa.JpaBaseConfiguration$JpaWebConfiguration","thread_name":"main","level":"WARN","level_value":30000}
{"@timestamp":"2022-01-30T20:39:04.300-03:00","@version":"1","message":"Mapped URL path [/v2/api-docs] onto method [springfox.documentation.swagger2.web.Swagger2Controller#getDocumentation(String, HttpServletRequest)]","logger_name":"springfox.documentation.spring.web.PropertySourcedRequestMappingHandlerMapping","thread_name":"main","level":"INFO","level_value":20000}
{"@timestamp":"2022-01-30T20:39:05.138-03:00","@version":"1","message":"\r\n\r\nUsing generated security password: 6910d937-65f4-47ab-852c-8fcfe01fa96e\r\n","logger_name":"org.springframework.boot.autoconfigure.security.servlet.UserDetailsServiceAutoConfiguration","thread_name":"main","level":"INFO","level_value":20000}
{"@timestamp":"2022-01-30T20:39:05.424-03:00","@version":"1","message":"Will secure any request with [org.springframework.security.web.context.request.async.WebAsyncManagerIntegrationFilter@1967c032, org.springframework.security.web.context.SecurityContextPersistenceFilter@5cb42eb2, org.springframework.security.web.header.HeaderWriterFilter@7f2d4ffc, org.springframework.security.web.csrf.CsrfFilter@688884e, org.springframework.security.web.authentication.logout.LogoutFilter@30ffc3c0, org.springframework.security.web.authentication.UsernamePasswordAuthenticationFilter@4e7d77ec, org.springframework.security.web.authentication.ui.DefaultLoginPageGeneratingFilter@2f89b44e, org.springframework.security.web.authentication.ui.DefaultLogoutPageGeneratingFilter@7a6ade2c, org.springframework.security.web.authentication.www.BasicAuthenticationFilter@1d0b4b69, org.springframework.security.web.savedrequest.RequestCacheAwareFilter@28806954, org.springframework.security.web.servletapi.SecurityContextHolderAwareRequestFilter@2aa85cc4, org.springframework.security.web.authentication.AnonymousAuthenticationFilter@3d7d920b, org.springframework.security.web.session.SessionManagementFilter@1ee37c7a, org.springframework.security.web.access.ExceptionTranslationFilter@5abf9a76, org.springframework.security.web.access.intercept.FilterSecurityInterceptor@2daf650b]","logger_name":"org.springframework.security.web.DefaultSecurityFilterChain","thread_name":"main","level":"INFO","level_value":20000}
{"@timestamp":"2022-01-30T20:39:05.697-03:00","@version":"1","message":"Tomcat started on port(s): 8080 (http) with context path ''","logger_name":"org.springframework.boot.web.embedded.tomcat.TomcatWebServer","thread_name":"main","level":"INFO","level_value":20000}
{"@timestamp":"2022-01-30T20:39:05.701-03:00","@version":"1","message":"Context refreshed","logger_name":"springfox.documentation.spring.web.plugins.DocumentationPluginsBootstrapper","thread_name":"main","level":"INFO","level_value":20000}
{"@timestamp":"2022-01-30T20:39:05.776-03:00","@version":"1","message":"Found 1 custom documentation plugin(s)","logger_name":"springfox.documentation.spring.web.plugins.DocumentationPluginsBootstrapper","thread_name":"main","level":"INFO","level_value":20000}
{"@timestamp":"2022-01-30T20:39:05.868-03:00","@version":"1","message":"Scanning for api listing references","logger_name":"springfox.documentation.spring.web.scanners.ApiListingReferenceScanner","thread_name":"main","level":"INFO","level_value":20000}
{"@timestamp":"2022-01-30T20:39:06.156-03:00","@version":"1","message":"Started UserApplication in 14.926 seconds (JVM running for 15.414)","logger_name":"br.com.api.user.UserApplication","thread_name":"main","level":"INFO","level_value":20000}
{"@timestamp":"2022-01-30T20:46:09.961-03:00","@version":"1","message":"Starting UserApplication using Java 17.0.1 on DESKTOP-FN847OM with PID 23264 (C:\\dck\\user\\target\\classes started by Amadeus in C:\\dck\\user)","logger_name":"br.com.api.user.UserApplication","thread_name":"main","level":"INFO","level_value":20000}
{"@timestamp":"2022-01-30T20:46:09.974-03:00","@version":"1","message":"No active profile set, falling back to default profiles: default","logger_name":"br.com.api.user.UserApplication","thread_name":"main","level":"INFO","level_value":20000}
{"@timestamp":"2022-01-30T20:46:11.227-03:00","@version":"1","message":"Multiple Spring Data modules found, entering strict repository configuration mode!","logger_name":"org.springframework.data.repository.config.RepositoryConfigurationDelegate","thread_name":"main","level":"INFO","level_value":20000}
{"@timestamp":"2022-01-30T20:46:11.234-03:00","@version":"1","message":"Bootstrapping Spring Data JPA repositories in DEFAULT mode.","logger_name":"org.springframework.data.repository.config.RepositoryConfigurationDelegate","thread_name":"main","level":"INFO","level_value":20000}
{"@timestamp":"2022-01-30T20:46:11.578-03:00","@version":"1","message":"Finished Spring Data repository scanning in 325 ms. Found 1 JPA repository interfaces.","logger_name":"org.springframework.data.repository.config.RepositoryConfigurationDelegate","thread_name":"main","level":"INFO","level_value":20000}
{"@timestamp":"2022-01-30T20:46:11.625-03:00","@version":"1","message":"Multiple Spring Data modules found, entering strict repository configuration mode!","logger_name":"org.springframework.data.repository.config.RepositoryConfigurationDelegate","thread_name":"main","level":"INFO","level_value":20000}
{"@timestamp":"2022-01-30T20:46:11.629-03:00","@version":"1","message":"Bootstrapping Spring Data Redis repositories in DEFAULT mode.","logger_name":"org.springframework.data.repository.config.RepositoryConfigurationDelegate","thread_name":"main","level":"INFO","level_value":20000}
{"@timestamp":"2022-01-30T20:46:11.665-03:00","@version":"1","message":"Spring Data Redis - Could not safely identify store assignment for repository candidate interface br.com.api.user.repository.UserRepository. If you want this repository to be a Redis repository, consider annotating your entities with one of these annotations: org.springframework.data.redis.core.RedisHash (preferred), or consider extending one of the following types with your repository: org.springframework.data.keyvalue.repository.KeyValueRepository.","logger_name":"org.springframework.data.repository.config.RepositoryConfigurationExtensionSupport","thread_name":"main","level":"INFO","level_value":20000}
{"@timestamp":"2022-01-30T20:46:11.669-03:00","@version":"1","message":"Finished Spring Data repository scanning in 15 ms. Found 0 Redis repository interfaces.","logger_name":"org.springframework.data.repository.config.RepositoryConfigurationDelegate","thread_name":"main","level":"INFO","level_value":20000}
{"@timestamp":"2022-01-30T20:46:13.053-03:00","@version":"1","message":"Tomcat initialized with port(s): 7000 (http)","logger_name":"org.springframework.boot.web.embedded.tomcat.TomcatWebServer","thread_name":"main","level":"INFO","level_value":20000}
{"@timestamp":"2022-01-30T20:46:13.073-03:00","@version":"1","message":"Starting service [Tomcat]","logger_name":"org.apache.catalina.core.StandardService","thread_name":"main","level":"INFO","level_value":20000}
{"@timestamp":"2022-01-30T20:46:13.075-03:00","@version":"1","message":"Starting Servlet engine: [Apache Tomcat/9.0.56]","logger_name":"org.apache.catalina.core.StandardEngine","thread_name":"main","level":"INFO","level_value":20000}
{"@timestamp":"2022-01-30T20:46:13.376-03:00","@version":"1","message":"Initializing Spring embedded WebApplicationContext","logger_name":"org.apache.catalina.core.ContainerBase.[Tomcat].[localhost].[/]","thread_name":"main","level":"INFO","level_value":20000}
{"@timestamp":"2022-01-30T20:46:13.381-03:00","@version":"1","message":"Root WebApplicationContext: initialization completed in 3340 ms","logger_name":"org.springframework.boot.web.servlet.context.ServletWebServerApplicationContext","thread_name":"main","level":"INFO","level_value":20000}
{"@timestamp":"2022-01-30T20:46:14.272-03:00","@version":"1","message":"Flyway Community Edition 7.7.3 by Redgate","logger_name":"org.flywaydb.core.internal.license.VersionPrinter","thread_name":"main","level":"INFO","level_value":20000}
{"@timestamp":"2022-01-30T20:46:14.286-03:00","@version":"1","message":"HikariPool-1 - Starting...","logger_name":"com.zaxxer.hikari.HikariDataSource","thread_name":"main","level":"INFO","level_value":20000}
{"@timestamp":"2022-01-30T20:46:14.996-03:00","@version":"1","message":"HikariPool-1 - Start completed.","logger_name":"com.zaxxer.hikari.HikariDataSource","thread_name":"main","level":"INFO","level_value":20000}
{"@timestamp":"2022-01-30T20:46:15.125-03:00","@version":"1","message":"Database: jdbc:mysql://localhost:3306/serasa (MySQL 8.0)","logger_name":"org.flywaydb.core.internal.database.base.DatabaseType","thread_name":"main","level":"INFO","level_value":20000}
{"@timestamp":"2022-01-30T20:46:15.325-03:00","@version":"1","message":"Successfully validated 2 migrations (execution time 00:00.073s)","logger_name":"org.flywaydb.core.internal.command.DbValidate","thread_name":"main","level":"INFO","level_value":20000}
{"@timestamp":"2022-01-30T20:46:15.354-03:00","@version":"1","message":"Current version of schema `serasa`: 2","logger_name":"org.flywaydb.core.internal.command.DbMigrate","thread_name":"main","level":"INFO","level_value":20000}
{"@timestamp":"2022-01-30T20:46:15.357-03:00","@version":"1","message":"Schema `serasa` is up to date. No migration necessary.","logger_name":"org.flywaydb.core.internal.command.DbMigrate","thread_name":"main","level":"INFO","level_value":20000}
{"@timestamp":"2022-01-30T20:46:15.557-03:00","@version":"1","message":"HHH000204: Processing PersistenceUnitInfo [name: default]","logger_name":"org.hibernate.jpa.internal.util.LogHelper","thread_name":"main","level":"INFO","level_value":20000}
{"@timestamp":"2022-01-30T20:46:15.744-03:00","@version":"1","message":"HHH000412: Hibernate ORM core version 5.4.33","logger_name":"org.hibernate.Version","thread_name":"main","level":"INFO","level_value":20000}
{"@timestamp":"2022-01-30T20:46:16.123-03:00","@version":"1","message":"HCANN000001: Hibernate Commons Annotations {5.1.2.Final}","logger_name":"org.hibernate.annotations.common.Version","thread_name":"main","level":"INFO","level_value":20000}
{"@timestamp":"2022-01-30T20:46:16.407-03:00","@version":"1","message":"HHH000400: Using dialect: org.hibernate.dialect.MySQL5InnoDBDialect","logger_name":"org.hibernate.dialect.Dialect","thread_name":"main","level":"INFO","level_value":20000}
{"@timestamp":"2022-01-30T20:46:17.442-03:00","@version":"1","message":"HHH000490: Using JtaPlatform implementation: [org.hibernate.engine.transaction.jta.platform.internal.NoJtaPlatform]","logger_name":"org.hibernate.engine.transaction.jta.platform.internal.JtaPlatformInitiator","thread_name":"main","level":"INFO","level_value":20000}
{"@timestamp":"2022-01-30T20:46:17.463-03:00","@version":"1","message":"Initialized JPA EntityManagerFactory for persistence unit 'default'","logger_name":"org.springframework.orm.jpa.LocalContainerEntityManagerFactoryBean","thread_name":"main","level":"INFO","level_value":20000}
{"@timestamp":"2022-01-30T20:46:18.301-03:00","@version":"1","message":"spring.jpa.open-in-view is enabled by default. Therefore, database queries may be performed during view rendering. Explicitly configure spring.jpa.open-in-view to disable this warning","logger_name":"org.springframework.boot.autoconfigure.orm.jpa.JpaBaseConfiguration$JpaWebConfiguration","thread_name":"main","level":"WARN","level_value":30000}
{"@timestamp":"2022-01-30T20:46:18.575-03:00","@version":"1","message":"Mapped URL path [/v2/api-docs] onto method [springfox.documentation.swagger2.web.Swagger2Controller#getDocumentation(String, HttpServletRequest)]","logger_name":"springfox.documentation.spring.web.PropertySourcedRequestMappingHandlerMapping","thread_name":"main","level":"INFO","level_value":20000}
{"@timestamp":"2022-01-30T20:46:19.462-03:00","@version":"1","message":"Tomcat started on port(s): 7000 (http) with context path ''","logger_name":"org.springframework.boot.web.embedded.tomcat.TomcatWebServer","thread_name":"main","level":"INFO","level_value":20000}
{"@timestamp":"2022-01-30T20:46:19.466-03:00","@version":"1","message":"Context refreshed","logger_name":"springfox.documentation.spring.web.plugins.DocumentationPluginsBootstrapper","thread_name":"main","level":"INFO","level_value":20000}
{"@timestamp":"2022-01-30T20:46:19.510-03:00","@version":"1","message":"Found 1 custom documentation plugin(s)","logger_name":"springfox.documentation.spring.web.plugins.DocumentationPluginsBootstrapper","thread_name":"main","level":"INFO","level_value":20000}
{"@timestamp":"2022-01-30T20:46:19.593-03:00","@version":"1","message":"Scanning for api listing references","logger_name":"springfox.documentation.spring.web.scanners.ApiListingReferenceScanner","thread_name":"main","level":"INFO","level_value":20000}
{"@timestamp":"2022-01-30T20:46:19.842-03:00","@version":"1","message":"Started UserApplication in 13.298 seconds (JVM running for 13.743)","logger_name":"br.com.api.user.UserApplication","thread_name":"main","level":"INFO","level_value":20000}
{"@timestamp":"2022-01-30T20:46:28.697-03:00","@version":"1","message":"Initializing Spring DispatcherServlet 'dispatcherServlet'","logger_name":"org.apache.catalina.core.ContainerBase.[Tomcat].[localhost].[/]","thread_name":"http-nio-7000-exec-1","level":"INFO","level_value":20000}
{"@timestamp":"2022-01-30T20:46:28.699-03:00","@version":"1","message":"Initializing Servlet 'dispatcherServlet'","logger_name":"org.springframework.web.servlet.DispatcherServlet","thread_name":"http-nio-7000-exec-1","level":"INFO","level_value":20000}
{"@timestamp":"2022-01-30T20:46:28.701-03:00","@version":"1","message":"Completed initialization in 1 ms","logger_name":"org.springframework.web.servlet.DispatcherServlet","thread_name":"http-nio-7000-exec-1","level":"INFO","level_value":20000}
{"@timestamp":"2022-01-30T21:00:12.888-03:00","@version":"1","message":"Starting UserApplication using Java 17.0.1 on DESKTOP-FN847OM with PID 12244 (C:\\dck\\user\\target\\classes started by Amadeus in C:\\dck\\user)","logger_name":"br.com.api.user.UserApplication","thread_name":"main","level":"INFO","level_value":20000}
{"@timestamp":"2022-01-30T21:00:12.899-03:00","@version":"1","message":"No active profile set, falling back to default profiles: default","logger_name":"br.com.api.user.UserApplication","thread_name":"main","level":"INFO","level_value":20000}
{"@timestamp":"2022-01-30T21:00:14.162-03:00","@version":"1","message":"Multiple Spring Data modules found, entering strict repository configuration mode!","logger_name":"org.springframework.data.repository.config.RepositoryConfigurationDelegate","thread_name":"main","level":"INFO","level_value":20000}
{"@timestamp":"2022-01-30T21:00:14.169-03:00","@version":"1","message":"Bootstrapping Spring Data JPA repositories in DEFAULT mode.","logger_name":"org.springframework.data.repository.config.RepositoryConfigurationDelegate","thread_name":"main","level":"INFO","level_value":20000}
{"@timestamp":"2022-01-30T21:00:14.400-03:00","@version":"1","message":"Finished Spring Data repository scanning in 215 ms. Found 1 JPA repository interfaces.","logger_name":"org.springframework.data.repository.config.RepositoryConfigurationDelegate","thread_name":"main","level":"INFO","level_value":20000}
{"@timestamp":"2022-01-30T21:00:14.469-03:00","@version":"1","message":"Multiple Spring Data modules found, entering strict repository configuration mode!","logger_name":"org.springframework.data.repository.config.RepositoryConfigurationDelegate","thread_name":"main","level":"INFO","level_value":20000}
{"@timestamp":"2022-01-30T21:00:14.477-03:00","@version":"1","message":"Bootstrapping Spring Data Redis repositories in DEFAULT mode.","logger_name":"org.springframework.data.repository.config.RepositoryConfigurationDelegate","thread_name":"main","level":"INFO","level_value":20000}
{"@timestamp":"2022-01-30T21:00:14.505-03:00","@version":"1","message":"Spring Data Redis - Could not safely identify store assignment for repository candidate interface br.com.api.user.repository.UserRepository. If you want this repository to be a Redis repository, consider annotating your entities with one of these annotations: org.springframework.data.redis.core.RedisHash (preferred), or consider extending one of the following types with your repository: org.springframework.data.keyvalue.repository.KeyValueRepository.","logger_name":"org.springframework.data.repository.config.RepositoryConfigurationExtensionSupport","thread_name":"main","level":"INFO","level_value":20000}
{"@timestamp":"2022-01-30T21:00:14.507-03:00","@version":"1","message":"Finished Spring Data repository scanning in 13 ms. Found 0 Redis repository interfaces.","logger_name":"org.springframework.data.repository.config.RepositoryConfigurationDelegate","thread_name":"main","level":"INFO","level_value":20000}
{"@timestamp":"2022-01-30T21:00:15.607-03:00","@version":"1","message":"Tomcat initialized with port(s): 7000 (http)","logger_name":"org.springframework.boot.web.embedded.tomcat.TomcatWebServer","thread_name":"main","level":"INFO","level_value":20000}
{"@timestamp":"2022-01-30T21:00:15.624-03:00","@version":"1","message":"Starting service [Tomcat]","logger_name":"org.apache.catalina.core.StandardService","thread_name":"main","level":"INFO","level_value":20000}
{"@timestamp":"2022-01-30T21:00:15.626-03:00","@version":"1","message":"Starting Servlet engine: [Apache Tomcat/9.0.56]","logger_name":"org.apache.catalina.core.StandardEngine","thread_name":"main","level":"INFO","level_value":20000}
{"@timestamp":"2022-01-30T21:00:15.823-03:00","@version":"1","message":"Initializing Spring embedded WebApplicationContext","logger_name":"org.apache.catalina.core.ContainerBase.[Tomcat].[localhost].[/]","thread_name":"main","level":"INFO","level_value":20000}
{"@timestamp":"2022-01-30T21:00:15.825-03:00","@version":"1","message":"Root WebApplicationContext: initialization completed in 2844 ms","logger_name":"org.springframework.boot.web.servlet.context.ServletWebServerApplicationContext","thread_name":"main","level":"INFO","level_value":20000}
{"@timestamp":"2022-01-30T21:00:16.437-03:00","@version":"1","message":"Flyway Community Edition 7.7.3 by Redgate","logger_name":"org.flywaydb.core.internal.license.VersionPrinter","thread_name":"main","level":"INFO","level_value":20000}
{"@timestamp":"2022-01-30T21:00:16.447-03:00","@version":"1","message":"HikariPool-1 - Starting...","logger_name":"com.zaxxer.hikari.HikariDataSource","thread_name":"main","level":"INFO","level_value":20000}
{"@timestamp":"2022-01-30T21:00:17.018-03:00","@version":"1","message":"HikariPool-1 - Start completed.","logger_name":"com.zaxxer.hikari.HikariDataSource","thread_name":"main","level":"INFO","level_value":20000}
{"@timestamp":"2022-01-30T21:00:17.150-03:00","@version":"1","message":"Database: jdbc:mysql://localhost:3306/serasa (MySQL 8.0)","logger_name":"org.flywaydb.core.internal.database.base.DatabaseType","thread_name":"main","level":"INFO","level_value":20000}
{"@timestamp":"2022-01-30T21:00:17.394-03:00","@version":"1","message":"Successfully validated 2 migrations (execution time 00:00.105s)","logger_name":"org.flywaydb.core.internal.command.DbValidate","thread_name":"main","level":"INFO","level_value":20000}
{"@timestamp":"2022-01-30T21:00:17.426-03:00","@version":"1","message":"Current version of schema `serasa`: 2","logger_name":"org.flywaydb.core.internal.command.DbMigrate","thread_name":"main","level":"INFO","level_value":20000}
{"@timestamp":"2022-01-30T21:00:17.446-03:00","@version":"1","message":"Schema `serasa` is up to date. No migration necessary.","logger_name":"org.flywaydb.core.internal.command.DbMigrate","thread_name":"main","level":"INFO","level_value":20000}
{"@timestamp":"2022-01-30T21:00:17.627-03:00","@version":"1","message":"HHH000204: Processing PersistenceUnitInfo [name: default]","logger_name":"org.hibernate.jpa.internal.util.LogHelper","thread_name":"main","level":"INFO","level_value":20000}
{"@timestamp":"2022-01-30T21:00:17.758-03:00","@version":"1","message":"HHH000412: Hibernate ORM core version 5.4.33","logger_name":"org.hibernate.Version","thread_name":"main","level":"INFO","level_value":20000}
{"@timestamp":"2022-01-30T21:00:18.019-03:00","@version":"1","message":"HCANN000001: Hibernate Commons Annotations {5.1.2.Final}","logger_name":"org.hibernate.annotations.common.Version","thread_name":"main","level":"INFO","level_value":20000}
{"@timestamp":"2022-01-30T21:00:18.243-03:00","@version":"1","message":"HHH000400: Using dialect: org.hibernate.dialect.MySQL5InnoDBDialect","logger_name":"org.hibernate.dialect.Dialect","thread_name":"main","level":"INFO","level_value":20000}
{"@timestamp":"2022-01-30T21:00:19.157-03:00","@version":"1","message":"HHH000490: Using JtaPlatform implementation: [org.hibernate.engine.transaction.jta.platform.internal.NoJtaPlatform]","logger_name":"org.hibernate.engine.transaction.jta.platform.internal.JtaPlatformInitiator","thread_name":"main","level":"INFO","level_value":20000}
{"@timestamp":"2022-01-30T21:00:19.171-03:00","@version":"1","message":"Initialized JPA EntityManagerFactory for persistence unit 'default'","logger_name":"org.springframework.orm.jpa.LocalContainerEntityManagerFactoryBean","thread_name":"main","level":"INFO","level_value":20000}
{"@timestamp":"2022-01-30T21:00:19.262-03:00","@version":"1","message":"spring.jpa.open-in-view is enabled by default. Therefore, database queries may be performed during view rendering. Explicitly configure spring.jpa.open-in-view to disable this warning","logger_name":"org.springframework.boot.autoconfigure.orm.jpa.JpaBaseConfiguration$JpaWebConfiguration","thread_name":"main","level":"WARN","level_value":30000}
{"@timestamp":"2022-01-30T21:00:20.129-03:00","@version":"1","message":"\r\n\r\nUsing generated security password: 7dbc70dc-febc-4530-8421-dc1df38c80d0\r\n","logger_name":"org.springframework.boot.autoconfigure.security.servlet.UserDetailsServiceAutoConfiguration","thread_name":"main","level":"INFO","level_value":20000}
{"@timestamp":"2022-01-30T21:00:20.282-03:00","@version":"1","message":"Will secure any request with [org.springframework.security.web.context.request.async.WebAsyncManagerIntegrationFilter@2387e60b, org.springframework.security.web.context.SecurityContextPersistenceFilter@617d697, org.springframework.security.web.header.HeaderWriterFilter@1f4083ac, org.springframework.security.web.csrf.CsrfFilter@1418a1bd, org.springframework.security.web.authentication.logout.LogoutFilter@6cca70e3, org.springframework.security.web.savedrequest.RequestCacheAwareFilter@149162a4, org.springframework.security.web.servletapi.SecurityContextHolderAwareRequestFilter@79e591bb, org.springframework.security.web.authentication.AnonymousAuthenticationFilter@41acf2f1, org.springframework.security.web.session.SessionManagementFilter@4bacabc4, org.springframework.security.web.access.ExceptionTranslationFilter@2ecb87b2, org.springframework.security.web.access.intercept.FilterSecurityInterceptor@25df95b]","logger_name":"org.springframework.security.web.DefaultSecurityFilterChain","thread_name":"main","level":"INFO","level_value":20000}
{"@timestamp":"2022-01-30T21:00:20.331-03:00","@version":"1","message":"Mapped URL path [/v2/api-docs] onto method [springfox.documentation.swagger2.web.Swagger2Controller#getDocumentation(String, HttpServletRequest)]","logger_name":"springfox.documentation.spring.web.PropertySourcedRequestMappingHandlerMapping","thread_name":"main","level":"INFO","level_value":20000}
{"@timestamp":"2022-01-30T21:00:20.872-03:00","@version":"1","message":"Exception encountered during context initialization - cancelling refresh attempt: org.springframework.context.ApplicationContextException: Failed to start bean 'webServerStartStop'; nested exception is org.springframework.boot.web.server.PortInUseException: Port 7000 is already in use","logger_name":"org.springframework.boot.web.servlet.context.AnnotationConfigServletWebServerApplicationContext","thread_name":"main","level":"WARN","level_value":30000}
{"@timestamp":"2022-01-30T21:00:20.879-03:00","@version":"1","message":"Closing JPA EntityManagerFactory for persistence unit 'default'","logger_name":"org.springframework.orm.jpa.LocalContainerEntityManagerFactoryBean","thread_name":"main","level":"INFO","level_value":20000}
{"@timestamp":"2022-01-30T21:00:20.883-03:00","@version":"1","message":"HikariPool-1 - Shutdown initiated...","logger_name":"com.zaxxer.hikari.HikariDataSource","thread_name":"main","level":"INFO","level_value":20000}
{"@timestamp":"2022-01-30T21:00:20.901-03:00","@version":"1","message":"HikariPool-1 - Shutdown completed.","logger_name":"com.zaxxer.hikari.HikariDataSource","thread_name":"main","level":"INFO","level_value":20000}
{"@timestamp":"2022-01-30T21:00:20.928-03:00","@version":"1","message":"Stopping service [Tomcat]","logger_name":"org.apache.catalina.core.StandardService","thread_name":"main","level":"INFO","level_value":20000}
{"@timestamp":"2022-01-30T21:00:20.960-03:00","@version":"1","message":"\r\n\r\nError starting ApplicationContext. To display the conditions report re-run your application with 'debug' enabled.","logger_name":"org.springframework.boot.autoconfigure.logging.ConditionEvaluationReportLoggingListener","thread_name":"main","level":"INFO","level_value":20000}
{"@timestamp":"2022-01-30T21:00:20.999-03:00","@version":"1","message":"\r\n\r\n***************************\r\nAPPLICATION FAILED TO START\r\n***************************\r\n\r\nDescription:\r\n\r\nWeb server failed to start. Port 7000 was already in use.\r\n\r\nAction:\r\n\r\nIdentify and stop the process that's listening on port 7000 or configure this application to listen on another port.\r\n","logger_name":"org.springframework.boot.diagnostics.LoggingFailureAnalysisReporter","thread_name":"main","level":"ERROR","level_value":40000}
{"@timestamp":"2022-01-30T21:01:00.930-03:00","@version":"1","message":"Starting UserApplication using Java 17.0.1 on DESKTOP-FN847OM with PID 20688 (C:\\dck\\user\\target\\classes started by Amadeus in C:\\dck\\user)","logger_name":"br.com.api.user.UserApplication","thread_name":"main","level":"INFO","level_value":20000}
{"@timestamp":"2022-01-30T21:01:00.940-03:00","@version":"1","message":"No active profile set, falling back to default profiles: default","logger_name":"br.com.api.user.UserApplication","thread_name":"main","level":"INFO","level_value":20000}
{"@timestamp":"2022-01-30T21:01:02.655-03:00","@version":"1","message":"Multiple Spring Data modules found, entering strict repository configuration mode!","logger_name":"org.springframework.data.repository.config.RepositoryConfigurationDelegate","thread_name":"main","level":"INFO","level_value":20000}
{"@timestamp":"2022-01-30T21:01:02.660-03:00","@version":"1","message":"Bootstrapping Spring Data JPA repositories in DEFAULT mode.","logger_name":"org.springframework.data.repository.config.RepositoryConfigurationDelegate","thread_name":"main","level":"INFO","level_value":20000}
{"@timestamp":"2022-01-30T21:01:02.949-03:00","@version":"1","message":"Finished Spring Data repository scanning in 268 ms. Found 1 JPA repository interfaces.","logger_name":"org.springframework.data.repository.config.RepositoryConfigurationDelegate","thread_name":"main","level":"INFO","level_value":20000}
{"@timestamp":"2022-01-30T21:01:02.998-03:00","@version":"1","message":"Multiple Spring Data modules found, entering strict repository configuration mode!","logger_name":"org.springframework.data.repository.config.RepositoryConfigurationDelegate","thread_name":"main","level":"INFO","level_value":20000}
{"@timestamp":"2022-01-30T21:01:03.004-03:00","@version":"1","message":"Bootstrapping Spring Data Redis repositories in DEFAULT mode.","logger_name":"org.springframework.data.repository.config.RepositoryConfigurationDelegate","thread_name":"main","level":"INFO","level_value":20000}
{"@timestamp":"2022-01-30T21:01:03.045-03:00","@version":"1","message":"Spring Data Redis - Could not safely identify store assignment for repository candidate interface br.com.api.user.repository.UserRepository. If you want this repository to be a Redis repository, consider annotating your entities with one of these annotations: org.springframework.data.redis.core.RedisHash (preferred), or consider extending one of the following types with your repository: org.springframework.data.keyvalue.repository.KeyValueRepository.","logger_name":"org.springframework.data.repository.config.RepositoryConfigurationExtensionSupport","thread_name":"main","level":"INFO","level_value":20000}
{"@timestamp":"2022-01-30T21:01:03.051-03:00","@version":"1","message":"Finished Spring Data repository scanning in 17 ms. Found 0 Redis repository interfaces.","logger_name":"org.springframework.data.repository.config.RepositoryConfigurationDelegate","thread_name":"main","level":"INFO","level_value":20000}
{"@timestamp":"2022-01-30T21:01:04.667-03:00","@version":"1","message":"Tomcat initialized with port(s): 7000 (http)","logger_name":"org.springframework.boot.web.embedded.tomcat.TomcatWebServer","thread_name":"main","level":"INFO","level_value":20000}
{"@timestamp":"2022-01-30T21:01:04.687-03:00","@version":"1","message":"Starting service [Tomcat]","logger_name":"org.apache.catalina.core.StandardService","thread_name":"main","level":"INFO","level_value":20000}
{"@timestamp":"2022-01-30T21:01:04.690-03:00","@version":"1","message":"Starting Servlet engine: [Apache Tomcat/9.0.56]","logger_name":"org.apache.catalina.core.StandardEngine","thread_name":"main","level":"INFO","level_value":20000}
{"@timestamp":"2022-01-30T21:01:04.978-03:00","@version":"1","message":"Initializing Spring embedded WebApplicationContext","logger_name":"org.apache.catalina.core.ContainerBase.[Tomcat].[localhost].[/]","thread_name":"main","level":"INFO","level_value":20000}
{"@timestamp":"2022-01-30T21:01:04.980-03:00","@version":"1","message":"Root WebApplicationContext: initialization completed in 3965 ms","logger_name":"org.springframework.boot.web.servlet.context.ServletWebServerApplicationContext","thread_name":"main","level":"INFO","level_value":20000}
{"@timestamp":"2022-01-30T21:01:05.821-03:00","@version":"1","message":"Flyway Community Edition 7.7.3 by Redgate","logger_name":"org.flywaydb.core.internal.license.VersionPrinter","thread_name":"main","level":"INFO","level_value":20000}
{"@timestamp":"2022-01-30T21:01:05.840-03:00","@version":"1","message":"HikariPool-1 - Starting...","logger_name":"com.zaxxer.hikari.HikariDataSource","thread_name":"main","level":"INFO","level_value":20000}
{"@timestamp":"2022-01-30T21:01:06.994-03:00","@version":"1","message":"HikariPool-1 - Start completed.","logger_name":"com.zaxxer.hikari.HikariDataSource","thread_name":"main","level":"INFO","level_value":20000}
{"@timestamp":"2022-01-30T21:01:07.141-03:00","@version":"1","message":"Database: jdbc:mysql://localhost:3306/serasa (MySQL 8.0)","logger_name":"org.flywaydb.core.internal.database.base.DatabaseType","thread_name":"main","level":"INFO","level_value":20000}
{"@timestamp":"2022-01-30T21:01:07.442-03:00","@version":"1","message":"Successfully validated 2 migrations (execution time 00:00.089s)","logger_name":"org.flywaydb.core.internal.command.DbValidate","thread_name":"main","level":"INFO","level_value":20000}
{"@timestamp":"2022-01-30T21:01:07.492-03:00","@version":"1","message":"Current version of schema `serasa`: 2","logger_name":"org.flywaydb.core.internal.command.DbMigrate","thread_name":"main","level":"INFO","level_value":20000}
{"@timestamp":"2022-01-30T21:01:07.500-03:00","@version":"1","message":"Schema `serasa` is up to date. No migration necessary.","logger_name":"org.flywaydb.core.internal.command.DbMigrate","thread_name":"main","level":"INFO","level_value":20000}
{"@timestamp":"2022-01-30T21:01:07.886-03:00","@version":"1","message":"HHH000204: Processing PersistenceUnitInfo [name: default]","logger_name":"org.hibernate.jpa.internal.util.LogHelper","thread_name":"main","level":"INFO","level_value":20000}
{"@timestamp":"2022-01-30T21:01:08.134-03:00","@version":"1","message":"HHH000412: Hibernate ORM core version 5.4.33","logger_name":"org.hibernate.Version","thread_name":"main","level":"INFO","level_value":20000}
{"@timestamp":"2022-01-30T21:01:08.520-03:00","@version":"1","message":"HCANN000001: Hibernate Commons Annotations {5.1.2.Final}","logger_name":"org.hibernate.annotations.common.Version","thread_name":"main","level":"INFO","level_value":20000}
{"@timestamp":"2022-01-30T21:01:08.794-03:00","@version":"1","message":"HHH000400: Using dialect: org.hibernate.dialect.MySQL5InnoDBDialect","logger_name":"org.hibernate.dialect.Dialect","thread_name":"main","level":"INFO","level_value":20000}
{"@timestamp":"2022-01-30T21:01:10.209-03:00","@version":"1","message":"HHH000490: Using JtaPlatform implementation: [org.hibernate.engine.transaction.jta.platform.internal.NoJtaPlatform]","logger_name":"org.hibernate.engine.transaction.jta.platform.internal.JtaPlatformInitiator","thread_name":"main","level":"INFO","level_value":20000}
{"@timestamp":"2022-01-30T21:01:10.244-03:00","@version":"1","message":"Initialized JPA EntityManagerFactory for persistence unit 'default'","logger_name":"org.springframework.orm.jpa.LocalContainerEntityManagerFactoryBean","thread_name":"main","level":"INFO","level_value":20000}
{"@timestamp":"2022-01-30T21:01:10.409-03:00","@version":"1","message":"spring.jpa.open-in-view is enabled by default. Therefore, database queries may be performed during view rendering. Explicitly configure spring.jpa.open-in-view to disable this warning","logger_name":"org.springframework.boot.autoconfigure.orm.jpa.JpaBaseConfiguration$JpaWebConfiguration","thread_name":"main","level":"WARN","level_value":30000}
{"@timestamp":"2022-01-30T21:01:11.781-03:00","@version":"1","message":"Starting UserApplication using Java 17.0.1 on DESKTOP-FN847OM with PID 25268 (C:\\dck\\user\\target\\classes started by Amadeus in C:\\dck\\user)","logger_name":"br.com.api.user.UserApplication","thread_name":"main","level":"INFO","level_value":20000}
{"@timestamp":"2022-01-30T21:01:11.801-03:00","@version":"1","message":"No active profile set, falling back to default profiles: default","logger_name":"br.com.api.user.UserApplication","thread_name":"main","level":"INFO","level_value":20000}
{"@timestamp":"2022-01-30T21:01:12.286-03:00","@version":"1","message":"\r\n\r\nUsing generated security password: 8f5ff9d6-3574-4912-90e7-bc9b05f51c52\r\n","logger_name":"org.springframework.boot.autoconfigure.security.servlet.UserDetailsServiceAutoConfiguration","thread_name":"main","level":"INFO","level_value":20000}
{"@timestamp":"2022-01-30T21:01:12.772-03:00","@version":"1","message":"Will secure any request with [org.springframework.security.web.context.request.async.WebAsyncManagerIntegrationFilter@78c34153, org.springframework.security.web.context.SecurityContextPersistenceFilter@3fc064cb, org.springframework.security.web.header.HeaderWriterFilter@fe58644, org.springframework.security.web.csrf.CsrfFilter@5ab0168, org.springframework.security.web.authentication.logout.LogoutFilter@448c4742, org.springframework.security.web.savedrequest.RequestCacheAwareFilter@508de524, org.springframework.security.web.servletapi.SecurityContextHolderAwareRequestFilter@258f97f8, org.springframework.security.web.authentication.AnonymousAuthenticationFilter@1b079e81, org.springframework.security.web.session.SessionManagementFilter@1651bd68, org.springframework.security.web.access.ExceptionTranslationFilter@418f0f27, org.springframework.security.web.access.intercept.FilterSecurityInterceptor@3c5d183]","logger_name":"org.springframework.security.web.DefaultSecurityFilterChain","thread_name":"main","level":"INFO","level_value":20000}
{"@timestamp":"2022-01-30T21:01:12.856-03:00","@version":"1","message":"Mapped URL path [/v2/api-docs] onto method [springfox.documentation.swagger2.web.Swagger2Controller#getDocumentation(String, HttpServletRequest)]","logger_name":"springfox.documentation.spring.web.PropertySourcedRequestMappingHandlerMapping","thread_name":"main","level":"INFO","level_value":20000}
{"@timestamp":"2022-01-30T21:01:13.831-03:00","@version":"1","message":"Tomcat started on port(s): 7000 (http) with context path ''","logger_name":"org.springframework.boot.web.embedded.tomcat.TomcatWebServer","thread_name":"main","level":"INFO","level_value":20000}
{"@timestamp":"2022-01-30T21:01:13.834-03:00","@version":"1","message":"Context refreshed","logger_name":"springfox.documentation.spring.web.plugins.DocumentationPluginsBootstrapper","thread_name":"main","level":"INFO","level_value":20000}
{"@timestamp":"2022-01-30T21:01:13.881-03:00","@version":"1","message":"Found 1 custom documentation plugin(s)","logger_name":"springfox.documentation.spring.web.plugins.DocumentationPluginsBootstrapper","thread_name":"main","level":"INFO","level_value":20000}
{"@timestamp":"2022-01-30T21:01:13.943-03:00","@version":"1","message":"Scanning for api listing references","logger_name":"springfox.documentation.spring.web.scanners.ApiListingReferenceScanner","thread_name":"main","level":"INFO","level_value":20000}
{"@timestamp":"2022-01-30T21:01:14.200-03:00","@version":"1","message":"Started UserApplication in 16.659 seconds (JVM running for 17.164)","logger_name":"br.com.api.user.UserApplication","thread_name":"main","level":"INFO","level_value":20000}
{"@timestamp":"2022-01-30T21:01:14.484-03:00","@version":"1","message":"Multiple Spring Data modules found, entering strict repository configuration mode!","logger_name":"org.springframework.data.repository.config.RepositoryConfigurationDelegate","thread_name":"main","level":"INFO","level_value":20000}
{"@timestamp":"2022-01-30T21:01:14.490-03:00","@version":"1","message":"Bootstrapping Spring Data JPA repositories in DEFAULT mode.","logger_name":"org.springframework.data.repository.config.RepositoryConfigurationDelegate","thread_name":"main","level":"INFO","level_value":20000}
{"@timestamp":"2022-01-30T21:01:14.755-03:00","@version":"1","message":"Finished Spring Data repository scanning in 246 ms. Found 1 JPA repository interfaces.","logger_name":"org.springframework.data.repository.config.RepositoryConfigurationDelegate","thread_name":"main","level":"INFO","level_value":20000}
{"@timestamp":"2022-01-30T21:01:14.792-03:00","@version":"1","message":"Multiple Spring Data modules found, entering strict repository configuration mode!","logger_name":"org.springframework.data.repository.config.RepositoryConfigurationDelegate","thread_name":"main","level":"INFO","level_value":20000}
{"@timestamp":"2022-01-30T21:01:14.795-03:00","@version":"1","message":"Bootstrapping Spring Data Redis repositories in DEFAULT mode.","logger_name":"org.springframework.data.repository.config.RepositoryConfigurationDelegate","thread_name":"main","level":"INFO","level_value":20000}
{"@timestamp":"2022-01-30T21:01:14.820-03:00","@version":"1","message":"Spring Data Redis - Could not safely identify store assignment for repository candidate interface br.com.api.user.repository.UserRepository. If you want this repository to be a Redis repository, consider annotating your entities with one of these annotations: org.springframework.data.redis.core.RedisHash (preferred), or consider extending one of the following types with your repository: org.springframework.data.keyvalue.repository.KeyValueRepository.","logger_name":"org.springframework.data.repository.config.RepositoryConfigurationExtensionSupport","thread_name":"main","level":"INFO","level_value":20000}
{"@timestamp":"2022-01-30T21:01:14.823-03:00","@version":"1","message":"Finished Spring Data repository scanning in 12 ms. Found 0 Redis repository interfaces.","logger_name":"org.springframework.data.repository.config.RepositoryConfigurationDelegate","thread_name":"main","level":"INFO","level_value":20000}
{"@timestamp":"2022-01-30T21:01:16.385-03:00","@version":"1","message":"Tomcat initialized with port(s): 7000 (http)","logger_name":"org.springframework.boot.web.embedded.tomcat.TomcatWebServer","thread_name":"main","level":"INFO","level_value":20000}
{"@timestamp":"2022-01-30T21:01:16.409-03:00","@version":"1","message":"Starting service [Tomcat]","logger_name":"org.apache.catalina.core.StandardService","thread_name":"main","level":"INFO","level_value":20000}
{"@timestamp":"2022-01-30T21:01:16.411-03:00","@version":"1","message":"Starting Servlet engine: [Apache Tomcat/9.0.56]","logger_name":"org.apache.catalina.core.StandardEngine","thread_name":"main","level":"INFO","level_value":20000}
{"@timestamp":"2022-01-30T21:01:16.652-03:00","@version":"1","message":"Initializing Spring embedded WebApplicationContext","logger_name":"org.apache.catalina.core.ContainerBase.[Tomcat].[localhost].[/]","thread_name":"main","level":"INFO","level_value":20000}
{"@timestamp":"2022-01-30T21:01:16.657-03:00","@version":"1","message":"Root WebApplicationContext: initialization completed in 4584 ms","logger_name":"org.springframework.boot.web.servlet.context.ServletWebServerApplicationContext","thread_name":"main","level":"INFO","level_value":20000}
{"@timestamp":"2022-01-30T21:01:17.396-03:00","@version":"1","message":"Flyway Community Edition 7.7.3 by Redgate","logger_name":"org.flywaydb.core.internal.license.VersionPrinter","thread_name":"main","level":"INFO","level_value":20000}
{"@timestamp":"2022-01-30T21:01:17.407-03:00","@version":"1","message":"HikariPool-1 - Starting...","logger_name":"com.zaxxer.hikari.HikariDataSource","thread_name":"main","level":"INFO","level_value":20000}
{"@timestamp":"2022-01-30T21:01:18.162-03:00","@version":"1","message":"HikariPool-1 - Start completed.","logger_name":"com.zaxxer.hikari.HikariDataSource","thread_name":"main","level":"INFO","level_value":20000}
{"@timestamp":"2022-01-30T21:01:18.270-03:00","@version":"1","message":"Database: jdbc:mysql://localhost:3306/serasa (MySQL 8.0)","logger_name":"org.flywaydb.core.internal.database.base.DatabaseType","thread_name":"main","level":"INFO","level_value":20000}
{"@timestamp":"2022-01-30T21:01:18.400-03:00","@version":"1","message":"Successfully validated 2 migrations (execution time 00:00.054s)","logger_name":"org.flywaydb.core.internal.command.DbValidate","thread_name":"main","level":"INFO","level_value":20000}
{"@timestamp":"2022-01-30T21:01:18.428-03:00","@version":"1","message":"Current version of schema `serasa`: 2","logger_name":"org.flywaydb.core.internal.command.DbMigrate","thread_name":"main","level":"INFO","level_value":20000}
{"@timestamp":"2022-01-30T21:01:18.432-03:00","@version":"1","message":"Schema `serasa` is up to date. No migration necessary.","logger_name":"org.flywaydb.core.internal.command.DbMigrate","thread_name":"main","level":"INFO","level_value":20000}
{"@timestamp":"2022-01-30T21:01:18.602-03:00","@version":"1","message":"HHH000204: Processing PersistenceUnitInfo [name: default]","logger_name":"org.hibernate.jpa.internal.util.LogHelper","thread_name":"main","level":"INFO","level_value":20000}
{"@timestamp":"2022-01-30T21:01:18.744-03:00","@version":"1","message":"HHH000412: Hibernate ORM core version 5.4.33","logger_name":"org.hibernate.Version","thread_name":"main","level":"INFO","level_value":20000}
{"@timestamp":"2022-01-30T21:01:19.063-03:00","@version":"1","message":"HCANN000001: Hibernate Commons Annotations {5.1.2.Final}","logger_name":"org.hibernate.annotations.common.Version","thread_name":"main","level":"INFO","level_value":20000}
{"@timestamp":"2022-01-30T21:01:19.321-03:00","@version":"1","message":"HHH000400: Using dialect: org.hibernate.dialect.MySQL5InnoDBDialect","logger_name":"org.hibernate.dialect.Dialect","thread_name":"main","level":"INFO","level_value":20000}
{"@timestamp":"2022-01-30T21:01:20.441-03:00","@version":"1","message":"HHH000490: Using JtaPlatform implementation: [org.hibernate.engine.transaction.jta.platform.internal.NoJtaPlatform]","logger_name":"org.hibernate.engine.transaction.jta.platform.internal.JtaPlatformInitiator","thread_name":"main","level":"INFO","level_value":20000}
{"@timestamp":"2022-01-30T21:01:20.456-03:00","@version":"1","message":"Initialized JPA EntityManagerFactory for persistence unit 'default'","logger_name":"org.springframework.orm.jpa.LocalContainerEntityManagerFactoryBean","thread_name":"main","level":"INFO","level_value":20000}
{"@timestamp":"2022-01-30T21:01:20.565-03:00","@version":"1","message":"spring.jpa.open-in-view is enabled by default. Therefore, database queries may be performed during view rendering. Explicitly configure spring.jpa.open-in-view to disable this warning","logger_name":"org.springframework.boot.autoconfigure.orm.jpa.JpaBaseConfiguration$JpaWebConfiguration","thread_name":"main","level":"WARN","level_value":30000}
{"@timestamp":"2022-01-30T21:01:21.807-03:00","@version":"1","message":"\r\n\r\nUsing generated security password: 9b130f86-9a68-4b24-b08a-611e1ecac960\r\n","logger_name":"org.springframework.boot.autoconfigure.security.servlet.UserDetailsServiceAutoConfiguration","thread_name":"main","level":"INFO","level_value":20000}
{"@timestamp":"2022-01-30T21:01:21.996-03:00","@version":"1","message":"Will secure any request with [org.springframework.security.web.context.request.async.WebAsyncManagerIntegrationFilter@7a8dbbf1, org.springframework.security.web.context.SecurityContextPersistenceFilter@513cd96f, org.springframework.security.web.header.HeaderWriterFilter@1391d95f, org.springframework.security.web.csrf.CsrfFilter@418f0f27, org.springframework.security.web.authentication.logout.LogoutFilter@7320bccc, org.springframework.security.web.savedrequest.RequestCacheAwareFilter@6114902c, org.springframework.security.web.servletapi.SecurityContextHolderAwareRequestFilter@7af4286, org.springframework.security.web.authentication.AnonymousAuthenticationFilter@71ad1d0b, org.springframework.security.web.session.SessionManagementFilter@6d43c881, org.springframework.security.web.access.ExceptionTranslationFilter@149162a4, org.springframework.security.web.access.intercept.FilterSecurityInterceptor@525aadf2]","logger_name":"org.springframework.security.web.DefaultSecurityFilterChain","thread_name":"main","level":"INFO","level_value":20000}
{"@timestamp":"2022-01-30T21:01:22.049-03:00","@version":"1","message":"Mapped URL path [/v2/api-docs] onto method [springfox.documentation.swagger2.web.Swagger2Controller#getDocumentation(String, HttpServletRequest)]","logger_name":"springfox.documentation.spring.web.PropertySourcedRequestMappingHandlerMapping","thread_name":"main","level":"INFO","level_value":20000}
{"@timestamp":"2022-01-30T21:01:22.828-03:00","@version":"1","message":"Exception encountered during context initialization - cancelling refresh attempt: org.springframework.context.ApplicationContextException: Failed to start bean 'webServerStartStop'; nested exception is org.springframework.boot.web.server.PortInUseException: Port 7000 is already in use","logger_name":"org.springframework.boot.web.servlet.context.AnnotationConfigServletWebServerApplicationContext","thread_name":"main","level":"WARN","level_value":30000}
{"@timestamp":"2022-01-30T21:01:22.838-03:00","@version":"1","message":"Closing JPA EntityManagerFactory for persistence unit 'default'","logger_name":"org.springframework.orm.jpa.LocalContainerEntityManagerFactoryBean","thread_name":"main","level":"INFO","level_value":20000}
{"@timestamp":"2022-01-30T21:01:22.843-03:00","@version":"1","message":"HikariPool-1 - Shutdown initiated...","logger_name":"com.zaxxer.hikari.HikariDataSource","thread_name":"main","level":"INFO","level_value":20000}
{"@timestamp":"2022-01-30T21:01:22.867-03:00","@version":"1","message":"HikariPool-1 - Shutdown completed.","logger_name":"com.zaxxer.hikari.HikariDataSource","thread_name":"main","level":"INFO","level_value":20000}
{"@timestamp":"2022-01-30T21:01:22.907-03:00","@version":"1","message":"Stopping service [Tomcat]","logger_name":"org.apache.catalina.core.StandardService","thread_name":"main","level":"INFO","level_value":20000}
{"@timestamp":"2022-01-30T21:01:22.941-03:00","@version":"1","message":"\r\n\r\nError starting ApplicationContext. To display the conditions report re-run your application with 'debug' enabled.","logger_name":"org.springframework.boot.autoconfigure.logging.ConditionEvaluationReportLoggingListener","thread_name":"main","level":"INFO","level_value":20000}
{"@timestamp":"2022-01-30T21:01:22.971-03:00","@version":"1","message":"\r\n\r\n***************************\r\nAPPLICATION FAILED TO START\r\n***************************\r\n\r\nDescription:\r\n\r\nWeb server failed to start. Port 7000 was already in use.\r\n\r\nAction:\r\n\r\nIdentify and stop the process that's listening on port 7000 or configure this application to listen on another port.\r\n","logger_name":"org.springframework.boot.diagnostics.LoggingFailureAnalysisReporter","thread_name":"main","level":"ERROR","level_value":40000}
{"@timestamp":"2022-01-30T21:01:33.350-03:00","@version":"1","message":"Starting UserApplication using Java 17.0.1 on DESKTOP-FN847OM with PID 26556 (C:\\dck\\user\\target\\classes started by Amadeus in C:\\dck\\user)","logger_name":"br.com.api.user.UserApplication","thread_name":"main","level":"INFO","level_value":20000}
{"@timestamp":"2022-01-30T21:01:33.357-03:00","@version":"1","message":"No active profile set, falling back to default profiles: default","logger_name":"br.com.api.user.UserApplication","thread_name":"main","level":"INFO","level_value":20000}
{"@timestamp":"2022-01-30T21:01:34.624-03:00","@version":"1","message":"Multiple Spring Data modules found, entering strict repository configuration mode!","logger_name":"org.springframework.data.repository.config.RepositoryConfigurationDelegate","thread_name":"main","level":"INFO","level_value":20000}
{"@timestamp":"2022-01-30T21:01:34.630-03:00","@version":"1","message":"Bootstrapping Spring Data JPA repositories in DEFAULT mode.","logger_name":"org.springframework.data.repository.config.RepositoryConfigurationDelegate","thread_name":"main","level":"INFO","level_value":20000}
{"@timestamp":"2022-01-30T21:01:34.894-03:00","@version":"1","message":"Finished Spring Data repository scanning in 243 ms. Found 1 JPA repository interfaces.","logger_name":"org.springframework.data.repository.config.RepositoryConfigurationDelegate","thread_name":"main","level":"INFO","level_value":20000}
{"@timestamp":"2022-01-30T21:01:34.937-03:00","@version":"1","message":"Multiple Spring Data modules found, entering strict repository configuration mode!","logger_name":"org.springframework.data.repository.config.RepositoryConfigurationDelegate","thread_name":"main","level":"INFO","level_value":20000}
{"@timestamp":"2022-01-30T21:01:34.942-03:00","@version":"1","message":"Bootstrapping Spring Data Redis repositories in DEFAULT mode.","logger_name":"org.springframework.data.repository.config.RepositoryConfigurationDelegate","thread_name":"main","level":"INFO","level_value":20000}
{"@timestamp":"2022-01-30T21:01:34.978-03:00","@version":"1","message":"Spring Data Redis - Could not safely identify store assignment for repository candidate interface br.com.api.user.repository.UserRepository. If you want this repository to be a Redis repository, consider annotating your entities with one of these annotations: org.springframework.data.redis.core.RedisHash (preferred), or consider extending one of the following types with your repository: org.springframework.data.keyvalue.repository.KeyValueRepository.","logger_name":"org.springframework.data.repository.config.RepositoryConfigurationExtensionSupport","thread_name":"main","level":"INFO","level_value":20000}
{"@timestamp":"2022-01-30T21:01:34.982-03:00","@version":"1","message":"Finished Spring Data repository scanning in 16 ms. Found 0 Redis repository interfaces.","logger_name":"org.springframework.data.repository.config.RepositoryConfigurationDelegate","thread_name":"main","level":"INFO","level_value":20000}
{"@timestamp":"2022-01-30T21:01:36.544-03:00","@version":"1","message":"Tomcat initialized with port(s): 7000 (http)","logger_name":"org.springframework.boot.web.embedded.tomcat.TomcatWebServer","thread_name":"main","level":"INFO","level_value":20000}
{"@timestamp":"2022-01-30T21:01:36.571-03:00","@version":"1","message":"Starting service [Tomcat]","logger_name":"org.apache.catalina.core.StandardService","thread_name":"main","level":"INFO","level_value":20000}
{"@timestamp":"2022-01-30T21:01:36.574-03:00","@version":"1","message":"Starting Servlet engine: [Apache Tomcat/9.0.56]","logger_name":"org.apache.catalina.core.StandardEngine","thread_name":"main","level":"INFO","level_value":20000}
{"@timestamp":"2022-01-30T21:01:36.850-03:00","@version":"1","message":"Initializing Spring embedded WebApplicationContext","logger_name":"org.apache.catalina.core.ContainerBase.[Tomcat].[localhost].[/]","thread_name":"main","level":"INFO","level_value":20000}
{"@timestamp":"2022-01-30T21:01:36.852-03:00","@version":"1","message":"Root WebApplicationContext: initialization completed in 3402 ms","logger_name":"org.springframework.boot.web.servlet.context.ServletWebServerApplicationContext","thread_name":"main","level":"INFO","level_value":20000}
{"@timestamp":"2022-01-30T21:01:37.630-03:00","@version":"1","message":"Flyway Community Edition 7.7.3 by Redgate","logger_name":"org.flywaydb.core.internal.license.VersionPrinter","thread_name":"main","level":"INFO","level_value":20000}
{"@timestamp":"2022-01-30T21:01:37.650-03:00","@version":"1","message":"HikariPool-1 - Starting...","logger_name":"com.zaxxer.hikari.HikariDataSource","thread_name":"main","level":"INFO","level_value":20000}
{"@timestamp":"2022-01-30T21:01:38.353-03:00","@version":"1","message":"HikariPool-1 - Start completed.","logger_name":"com.zaxxer.hikari.HikariDataSource","thread_name":"main","level":"INFO","level_value":20000}
{"@timestamp":"2022-01-30T21:01:38.486-03:00","@version":"1","message":"Database: jdbc:mysql://localhost:3306/serasa (MySQL 8.0)","logger_name":"org.flywaydb.core.internal.database.base.DatabaseType","thread_name":"main","level":"INFO","level_value":20000}
{"@timestamp":"2022-01-30T21:01:38.622-03:00","@version":"1","message":"Successfully validated 2 migrations (execution time 00:00.060s)","logger_name":"org.flywaydb.core.internal.command.DbValidate","thread_name":"main","level":"INFO","level_value":20000}
{"@timestamp":"2022-01-30T21:01:38.658-03:00","@version":"1","message":"Current version of schema `serasa`: 2","logger_name":"org.flywaydb.core.internal.command.DbMigrate","thread_name":"main","level":"INFO","level_value":20000}
{"@timestamp":"2022-01-30T21:01:38.663-03:00","@version":"1","message":"Schema `serasa` is up to date. No migration necessary.","logger_name":"org.flywaydb.core.internal.command.DbMigrate","thread_name":"main","level":"INFO","level_value":20000}
{"@timestamp":"2022-01-30T21:01:38.864-03:00","@version":"1","message":"HHH000204: Processing PersistenceUnitInfo [name: default]","logger_name":"org.hibernate.jpa.internal.util.LogHelper","thread_name":"main","level":"INFO","level_value":20000}
{"@timestamp":"2022-01-30T21:01:39.012-03:00","@version":"1","message":"HHH000412: Hibernate ORM core version 5.4.33","logger_name":"org.hibernate.Version","thread_name":"main","level":"INFO","level_value":20000}
{"@timestamp":"2022-01-30T21:01:39.300-03:00","@version":"1","message":"HCANN000001: Hibernate Commons Annotations {5.1.2.Final}","logger_name":"org.hibernate.annotations.common.Version","thread_name":"main","level":"INFO","level_value":20000}
{"@timestamp":"2022-01-30T21:01:39.560-03:00","@version":"1","message":"HHH000400: Using dialect: org.hibernate.dialect.MySQL5InnoDBDialect","logger_name":"org.hibernate.dialect.Dialect","thread_name":"main","level":"INFO","level_value":20000}
{"@timestamp":"2022-01-30T21:01:40.618-03:00","@version":"1","message":"HHH000490: Using JtaPlatform implementation: [org.hibernate.engine.transaction.jta.platform.internal.NoJtaPlatform]","logger_name":"org.hibernate.engine.transaction.jta.platform.internal.JtaPlatformInitiator","thread_name":"main","level":"INFO","level_value":20000}
{"@timestamp":"2022-01-30T21:01:40.643-03:00","@version":"1","message":"Initialized JPA EntityManagerFactory for persistence unit 'default'","logger_name":"org.springframework.orm.jpa.LocalContainerEntityManagerFactoryBean","thread_name":"main","level":"INFO","level_value":20000}
{"@timestamp":"2022-01-30T21:01:40.778-03:00","@version":"1","message":"spring.jpa.open-in-view is enabled by default. Therefore, database queries may be performed during view rendering. Explicitly configure spring.jpa.open-in-view to disable this warning","logger_name":"org.springframework.boot.autoconfigure.orm.jpa.JpaBaseConfiguration$JpaWebConfiguration","thread_name":"main","level":"WARN","level_value":30000}
{"@timestamp":"2022-01-30T21:01:41.995-03:00","@version":"1","message":"\r\n\r\nUsing generated security password: 403420d5-580d-4ffc-9293-681ad67067d9\r\n","logger_name":"org.springframework.boot.autoconfigure.security.servlet.UserDetailsServiceAutoConfiguration","thread_name":"main","level":"INFO","level_value":20000}
{"@timestamp":"2022-01-30T21:01:42.205-03:00","@version":"1","message":"Will secure any request with [org.springframework.security.web.context.request.async.WebAsyncManagerIntegrationFilter@1fae388c, org.springframework.security.web.context.SecurityContextPersistenceFilter@508de524, org.springframework.security.web.header.HeaderWriterFilter@1704437b, org.springframework.security.web.csrf.CsrfFilter@7594d189, org.springframework.security.web.authentication.logout.LogoutFilter@118cbb26, org.springframework.security.web.savedrequest.RequestCacheAwareFilter@3a4d0ca2, org.springframework.security.web.servletapi.SecurityContextHolderAwareRequestFilter@26401eda, org.springframework.security.web.authentication.AnonymousAuthenticationFilter@2387e60b, org.springframework.security.web.session.SessionManagementFilter@3fc064cb, org.springframework.security.web.access.ExceptionTranslationFilter@fe58644, org.springframework.security.web.access.intercept.FilterSecurityInterceptor@39cf7f3c]","logger_name":"org.springframework.security.web.DefaultSecurityFilterChain","thread_name":"main","level":"INFO","level_value":20000}
{"@timestamp":"2022-01-30T21:01:42.278-03:00","@version":"1","message":"Mapped URL path [/v2/api-docs] onto method [springfox.documentation.swagger2.web.Swagger2Controller#getDocumentation(String, HttpServletRequest)]","logger_name":"springfox.documentation.spring.web.PropertySourcedRequestMappingHandlerMapping","thread_name":"main","level":"INFO","level_value":20000}
{"@timestamp":"2022-01-30T21:01:43.110-03:00","@version":"1","message":"Tomcat started on port(s): 7000 (http) with context path ''","logger_name":"org.springframework.boot.web.embedded.tomcat.TomcatWebServer","thread_name":"main","level":"INFO","level_value":20000}
{"@timestamp":"2022-01-30T21:01:43.114-03:00","@version":"1","message":"Context refreshed","logger_name":"springfox.documentation.spring.web.plugins.DocumentationPluginsBootstrapper","thread_name":"main","level":"INFO","level_value":20000}
{"@timestamp":"2022-01-30T21:01:43.167-03:00","@version":"1","message":"Found 1 custom documentation plugin(s)","logger_name":"springfox.documentation.spring.web.plugins.DocumentationPluginsBootstrapper","thread_name":"main","level":"INFO","level_value":20000}
{"@timestamp":"2022-01-30T21:01:43.258-03:00","@version":"1","message":"Scanning for api listing references","logger_name":"springfox.documentation.spring.web.scanners.ApiListingReferenceScanner","thread_name":"main","level":"INFO","level_value":20000}
{"@timestamp":"2022-01-30T21:01:43.608-03:00","@version":"1","message":"Started UserApplication in 13.565 seconds (JVM running for 14.029)","logger_name":"br.com.api.user.UserApplication","thread_name":"main","level":"INFO","level_value":20000}
{"@timestamp":"2022-01-30T21:01:59.261-03:00","@version":"1","message":"Initializing Spring DispatcherServlet 'dispatcherServlet'","logger_name":"org.apache.catalina.core.ContainerBase.[Tomcat].[localhost].[/]","thread_name":"http-nio-7000-exec-1","level":"INFO","level_value":20000}
{"@timestamp":"2022-01-30T21:01:59.263-03:00","@version":"1","message":"Initializing Servlet 'dispatcherServlet'","logger_name":"org.springframework.web.servlet.DispatcherServlet","thread_name":"http-nio-7000-exec-1","level":"INFO","level_value":20000}
{"@timestamp":"2022-01-30T21:01:59.266-03:00","@version":"1","message":"Completed initialization in 2 ms","logger_name":"org.springframework.web.servlet.DispatcherServlet","thread_name":"http-nio-7000-exec-1","level":"INFO","level_value":20000}
