{"@timestamp":"2022-01-29T13:42:23.707-03:00","@version":"1","message":"Starting UserApplication using Java 17.0.1 on DESKTOP-FN847OM with PID 25780 (C:\\dck\\user\\target\\classes started by Amadeus in C:\\dck\\user)","logger_name":"br.com.api.user.UserApplication","thread_name":"main","level":"INFO","level_value":20000}
{"@timestamp":"2022-01-29T13:42:23.716-03:00","@version":"1","message":"No active profile set, falling back to default profiles: default","logger_name":"br.com.api.user.UserApplication","thread_name":"main","level":"INFO","level_value":20000}
{"@timestamp":"2022-01-29T13:42:25.452-03:00","@version":"1","message":"Multiple Spring Data modules found, entering strict repository configuration mode!","logger_name":"org.springframework.data.repository.config.RepositoryConfigurationDelegate","thread_name":"main","level":"INFO","level_value":20000}
{"@timestamp":"2022-01-29T13:42:25.459-03:00","@version":"1","message":"Bootstrapping Spring Data JPA repositories in DEFAULT mode.","logger_name":"org.springframework.data.repository.config.RepositoryConfigurationDelegate","thread_name":"main","level":"INFO","level_value":20000}
{"@timestamp":"2022-01-29T13:42:25.774-03:00","@version":"1","message":"Finished Spring Data repository scanning in 266 ms. Found 1 JPA repository interfaces.","logger_name":"org.springframework.data.repository.config.RepositoryConfigurationDelegate","thread_name":"main","level":"INFO","level_value":20000}
{"@timestamp":"2022-01-29T13:42:25.815-03:00","@version":"1","message":"Multiple Spring Data modules found, entering strict repository configuration mode!","logger_name":"org.springframework.data.repository.config.RepositoryConfigurationDelegate","thread_name":"main","level":"INFO","level_value":20000}
{"@timestamp":"2022-01-29T13:42:25.820-03:00","@version":"1","message":"Bootstrapping Spring Data Redis repositories in DEFAULT mode.","logger_name":"org.springframework.data.repository.config.RepositoryConfigurationDelegate","thread_name":"main","level":"INFO","level_value":20000}
{"@timestamp":"2022-01-29T13:42:25.863-03:00","@version":"1","message":"Spring Data Redis - Could not safely identify store assignment for repository candidate interface br.com.api.user.repository.UserRepository. If you want this repository to be a Redis repository, consider annotating your entities with one of these annotations: org.springframework.data.redis.core.RedisHash (preferred), or consider extending one of the following types with your repository: org.springframework.data.keyvalue.repository.KeyValueRepository.","logger_name":"org.springframework.data.repository.config.RepositoryConfigurationExtensionSupport","thread_name":"main","level":"INFO","level_value":20000}
{"@timestamp":"2022-01-29T13:42:25.867-03:00","@version":"1","message":"Finished Spring Data repository scanning in 19 ms. Found 0 Redis repository interfaces.","logger_name":"org.springframework.data.repository.config.RepositoryConfigurationDelegate","thread_name":"main","level":"INFO","level_value":20000}
{"@timestamp":"2022-01-29T13:42:27.165-03:00","@version":"1","message":"Tomcat initialized with port(s): 7000 (http)","logger_name":"org.springframework.boot.web.embedded.tomcat.TomcatWebServer","thread_name":"main","level":"INFO","level_value":20000}
{"@timestamp":"2022-01-29T13:42:27.184-03:00","@version":"1","message":"Starting service [Tomcat]","logger_name":"org.apache.catalina.core.StandardService","thread_name":"main","level":"INFO","level_value":20000}
{"@timestamp":"2022-01-29T13:42:27.186-03:00","@version":"1","message":"Starting Servlet engine: [Apache Tomcat/9.0.56]","logger_name":"org.apache.catalina.core.StandardEngine","thread_name":"main","level":"INFO","level_value":20000}
{"@timestamp":"2022-01-29T13:42:27.390-03:00","@version":"1","message":"Initializing Spring embedded WebApplicationContext","logger_name":"org.apache.catalina.core.ContainerBase.[Tomcat].[localhost].[/]","thread_name":"main","level":"INFO","level_value":20000}
{"@timestamp":"2022-01-29T13:42:27.391-03:00","@version":"1","message":"Root WebApplicationContext: initialization completed in 3590 ms","logger_name":"org.springframework.boot.web.servlet.context.ServletWebServerApplicationContext","thread_name":"main","level":"INFO","level_value":20000}
{"@timestamp":"2022-01-29T13:42:28.085-03:00","@version":"1","message":"Flyway Community Edition 7.7.3 by Redgate","logger_name":"org.flywaydb.core.internal.license.VersionPrinter","thread_name":"main","level":"INFO","level_value":20000}
{"@timestamp":"2022-01-29T13:42:28.098-03:00","@version":"1","message":"HikariPool-1 - Starting...","logger_name":"com.zaxxer.hikari.HikariDataSource","thread_name":"main","level":"INFO","level_value":20000}
{"@timestamp":"2022-01-29T13:42:28.880-03:00","@version":"1","message":"HikariPool-1 - Start completed.","logger_name":"com.zaxxer.hikari.HikariDataSource","thread_name":"main","level":"INFO","level_value":20000}
{"@timestamp":"2022-01-29T13:42:28.986-03:00","@version":"1","message":"Database: jdbc:mysql://localhost:3306/serasa (MySQL 8.0)","logger_name":"org.flywaydb.core.internal.database.base.DatabaseType","thread_name":"main","level":"INFO","level_value":20000}
{"@timestamp":"2022-01-29T13:42:29.301-03:00","@version":"1","message":"Successfully validated 2 migrations (execution time 00:00.092s)","logger_name":"org.flywaydb.core.internal.command.DbValidate","thread_name":"main","level":"INFO","level_value":20000}
{"@timestamp":"2022-01-29T13:42:29.327-03:00","@version":"1","message":"Current version of schema `serasa`: 2","logger_name":"org.flywaydb.core.internal.command.DbMigrate","thread_name":"main","level":"INFO","level_value":20000}
{"@timestamp":"2022-01-29T13:42:29.331-03:00","@version":"1","message":"Schema `serasa` is up to date. No migration necessary.","logger_name":"org.flywaydb.core.internal.command.DbMigrate","thread_name":"main","level":"INFO","level_value":20000}
{"@timestamp":"2022-01-29T13:42:29.494-03:00","@version":"1","message":"HHH000204: Processing PersistenceUnitInfo [name: default]","logger_name":"org.hibernate.jpa.internal.util.LogHelper","thread_name":"main","level":"INFO","level_value":20000}
{"@timestamp":"2022-01-29T13:42:29.607-03:00","@version":"1","message":"HHH000412: Hibernate ORM core version 5.4.33","logger_name":"org.hibernate.Version","thread_name":"main","level":"INFO","level_value":20000}
{"@timestamp":"2022-01-29T13:42:29.860-03:00","@version":"1","message":"HCANN000001: Hibernate Commons Annotations {5.1.2.Final}","logger_name":"org.hibernate.annotations.common.Version","thread_name":"main","level":"INFO","level_value":20000}
{"@timestamp":"2022-01-29T13:42:30.066-03:00","@version":"1","message":"HHH000400: Using dialect: org.hibernate.dialect.MySQL5InnoDBDialect","logger_name":"org.hibernate.dialect.Dialect","thread_name":"main","level":"INFO","level_value":20000}
{"@timestamp":"2022-01-29T13:42:31.076-03:00","@version":"1","message":"HHH000490: Using JtaPlatform implementation: [org.hibernate.engine.transaction.jta.platform.internal.NoJtaPlatform]","logger_name":"org.hibernate.engine.transaction.jta.platform.internal.JtaPlatformInitiator","thread_name":"main","level":"INFO","level_value":20000}
{"@timestamp":"2022-01-29T13:42:31.099-03:00","@version":"1","message":"Initialized JPA EntityManagerFactory for persistence unit 'default'","logger_name":"org.springframework.orm.jpa.LocalContainerEntityManagerFactoryBean","thread_name":"main","level":"INFO","level_value":20000}
{"@timestamp":"2022-01-29T13:42:31.768-03:00","@version":"1","message":"spring.jpa.open-in-view is enabled by default. Therefore, database queries may be performed during view rendering. Explicitly configure spring.jpa.open-in-view to disable this warning","logger_name":"org.springframework.boot.autoconfigure.orm.jpa.JpaBaseConfiguration$JpaWebConfiguration","thread_name":"main","level":"WARN","level_value":30000}
{"@timestamp":"2022-01-29T13:42:32.021-03:00","@version":"1","message":"Mapped URL path [/v2/api-docs] onto method [springfox.documentation.swagger2.web.Swagger2Controller#getDocumentation(String, HttpServletRequest)]","logger_name":"springfox.documentation.spring.web.PropertySourcedRequestMappingHandlerMapping","thread_name":"main","level":"INFO","level_value":20000}
{"@timestamp":"2022-01-29T13:42:32.617-03:00","@version":"1","message":"Tomcat started on port(s): 7000 (http) with context path ''","logger_name":"org.springframework.boot.web.embedded.tomcat.TomcatWebServer","thread_name":"main","level":"INFO","level_value":20000}
{"@timestamp":"2022-01-29T13:42:32.626-03:00","@version":"1","message":"Context refreshed","logger_name":"springfox.documentation.spring.web.plugins.DocumentationPluginsBootstrapper","thread_name":"main","level":"INFO","level_value":20000}
{"@timestamp":"2022-01-29T13:42:32.662-03:00","@version":"1","message":"Found 1 custom documentation plugin(s)","logger_name":"springfox.documentation.spring.web.plugins.DocumentationPluginsBootstrapper","thread_name":"main","level":"INFO","level_value":20000}
{"@timestamp":"2022-01-29T13:42:32.720-03:00","@version":"1","message":"Scanning for api listing references","logger_name":"springfox.documentation.spring.web.scanners.ApiListingReferenceScanner","thread_name":"main","level":"INFO","level_value":20000}
{"@timestamp":"2022-01-29T13:42:32.930-03:00","@version":"1","message":"Started UserApplication in 12.799 seconds (JVM running for 13.371)","logger_name":"br.com.api.user.UserApplication","thread_name":"main","level":"INFO","level_value":20000}
{"@timestamp":"2022-01-29T13:44:47.408-03:00","@version":"1","message":"Closing JPA EntityManagerFactory for persistence unit 'default'","logger_name":"org.springframework.orm.jpa.LocalContainerEntityManagerFactoryBean","thread_name":"SpringApplicationShutdownHook","level":"INFO","level_value":20000}
{"@timestamp":"2022-01-29T13:44:47.486-03:00","@version":"1","message":"HikariPool-1 - Shutdown initiated...","logger_name":"com.zaxxer.hikari.HikariDataSource","thread_name":"SpringApplicationShutdownHook","level":"INFO","level_value":20000}
{"@timestamp":"2022-01-29T13:44:47.564-03:00","@version":"1","message":"HikariPool-1 - Shutdown completed.","logger_name":"com.zaxxer.hikari.HikariDataSource","thread_name":"SpringApplicationShutdownHook","level":"INFO","level_value":20000}
{"@timestamp":"2022-01-29T13:45:05.276-03:00","@version":"1","message":"Starting UserApplication using Java 17.0.1 on DESKTOP-FN847OM with PID 9500 (C:\\dck\\user\\target\\classes started by Amadeus in C:\\dck\\user)","logger_name":"br.com.api.user.UserApplication","thread_name":"main","level":"INFO","level_value":20000}
{"@timestamp":"2022-01-29T13:45:05.286-03:00","@version":"1","message":"No active profile set, falling back to default profiles: default","logger_name":"br.com.api.user.UserApplication","thread_name":"main","level":"INFO","level_value":20000}
{"@timestamp":"2022-01-29T13:45:06.575-03:00","@version":"1","message":"Multiple Spring Data modules found, entering strict repository configuration mode!","logger_name":"org.springframework.data.repository.config.RepositoryConfigurationDelegate","thread_name":"main","level":"INFO","level_value":20000}
{"@timestamp":"2022-01-29T13:45:06.594-03:00","@version":"1","message":"Bootstrapping Spring Data JPA repositories in DEFAULT mode.","logger_name":"org.springframework.data.repository.config.RepositoryConfigurationDelegate","thread_name":"main","level":"INFO","level_value":20000}
{"@timestamp":"2022-01-29T13:45:06.842-03:00","@version":"1","message":"Finished Spring Data repository scanning in 237 ms. Found 1 JPA repository interfaces.","logger_name":"org.springframework.data.repository.config.RepositoryConfigurationDelegate","thread_name":"main","level":"INFO","level_value":20000}
{"@timestamp":"2022-01-29T13:45:06.897-03:00","@version":"1","message":"Multiple Spring Data modules found, entering strict repository configuration mode!","logger_name":"org.springframework.data.repository.config.RepositoryConfigurationDelegate","thread_name":"main","level":"INFO","level_value":20000}
{"@timestamp":"2022-01-29T13:45:06.901-03:00","@version":"1","message":"Bootstrapping Spring Data Redis repositories in DEFAULT mode.","logger_name":"org.springframework.data.repository.config.RepositoryConfigurationDelegate","thread_name":"main","level":"INFO","level_value":20000}
{"@timestamp":"2022-01-29T13:45:06.936-03:00","@version":"1","message":"Spring Data Redis - Could not safely identify store assignment for repository candidate interface br.com.api.user.repository.UserRepository. If you want this repository to be a Redis repository, consider annotating your entities with one of these annotations: org.springframework.data.redis.core.RedisHash (preferred), or consider extending one of the following types with your repository: org.springframework.data.keyvalue.repository.KeyValueRepository.","logger_name":"org.springframework.data.repository.config.RepositoryConfigurationExtensionSupport","thread_name":"main","level":"INFO","level_value":20000}
{"@timestamp":"2022-01-29T13:45:06.942-03:00","@version":"1","message":"Finished Spring Data repository scanning in 17 ms. Found 0 Redis repository interfaces.","logger_name":"org.springframework.data.repository.config.RepositoryConfigurationDelegate","thread_name":"main","level":"INFO","level_value":20000}
{"@timestamp":"2022-01-29T13:45:08.321-03:00","@version":"1","message":"Tomcat initialized with port(s): 7000 (http)","logger_name":"org.springframework.boot.web.embedded.tomcat.TomcatWebServer","thread_name":"main","level":"INFO","level_value":20000}
{"@timestamp":"2022-01-29T13:45:08.342-03:00","@version":"1","message":"Starting service [Tomcat]","logger_name":"org.apache.catalina.core.StandardService","thread_name":"main","level":"INFO","level_value":20000}
{"@timestamp":"2022-01-29T13:45:08.344-03:00","@version":"1","message":"Starting Servlet engine: [Apache Tomcat/9.0.56]","logger_name":"org.apache.catalina.core.StandardEngine","thread_name":"main","level":"INFO","level_value":20000}
{"@timestamp":"2022-01-29T13:45:08.607-03:00","@version":"1","message":"Initializing Spring embedded WebApplicationContext","logger_name":"org.apache.catalina.core.ContainerBase.[Tomcat].[localhost].[/]","thread_name":"main","level":"INFO","level_value":20000}
{"@timestamp":"2022-01-29T13:45:08.609-03:00","@version":"1","message":"Root WebApplicationContext: initialization completed in 3241 ms","logger_name":"org.springframework.boot.web.servlet.context.ServletWebServerApplicationContext","thread_name":"main","level":"INFO","level_value":20000}
{"@timestamp":"2022-01-29T13:45:09.614-03:00","@version":"1","message":"Flyway Community Edition 7.7.3 by Redgate","logger_name":"org.flywaydb.core.internal.license.VersionPrinter","thread_name":"main","level":"INFO","level_value":20000}
{"@timestamp":"2022-01-29T13:45:09.636-03:00","@version":"1","message":"HikariPool-1 - Starting...","logger_name":"com.zaxxer.hikari.HikariDataSource","thread_name":"main","level":"INFO","level_value":20000}
{"@timestamp":"2022-01-29T13:45:10.603-03:00","@version":"1","message":"HikariPool-1 - Start completed.","logger_name":"com.zaxxer.hikari.HikariDataSource","thread_name":"main","level":"INFO","level_value":20000}
{"@timestamp":"2022-01-29T13:45:10.743-03:00","@version":"1","message":"Database: jdbc:mysql://localhost:3306/serasa (MySQL 8.0)","logger_name":"org.flywaydb.core.internal.database.base.DatabaseType","thread_name":"main","level":"INFO","level_value":20000}
{"@timestamp":"2022-01-29T13:45:11.057-03:00","@version":"1","message":"Successfully validated 2 migrations (execution time 00:00.101s)","logger_name":"org.flywaydb.core.internal.command.DbValidate","thread_name":"main","level":"INFO","level_value":20000}
{"@timestamp":"2022-01-29T13:45:11.098-03:00","@version":"1","message":"Current version of schema `serasa`: 2","logger_name":"org.flywaydb.core.internal.command.DbMigrate","thread_name":"main","level":"INFO","level_value":20000}
{"@timestamp":"2022-01-29T13:45:11.103-03:00","@version":"1","message":"Schema `serasa` is up to date. No migration necessary.","logger_name":"org.flywaydb.core.internal.command.DbMigrate","thread_name":"main","level":"INFO","level_value":20000}
{"@timestamp":"2022-01-29T13:45:11.360-03:00","@version":"1","message":"HHH000204: Processing PersistenceUnitInfo [name: default]","logger_name":"org.hibernate.jpa.internal.util.LogHelper","thread_name":"main","level":"INFO","level_value":20000}
{"@timestamp":"2022-01-29T13:45:11.502-03:00","@version":"1","message":"HHH000412: Hibernate ORM core version 5.4.33","logger_name":"org.hibernate.Version","thread_name":"main","level":"INFO","level_value":20000}
{"@timestamp":"2022-01-29T13:45:11.909-03:00","@version":"1","message":"HCANN000001: Hibernate Commons Annotations {5.1.2.Final}","logger_name":"org.hibernate.annotations.common.Version","thread_name":"main","level":"INFO","level_value":20000}
{"@timestamp":"2022-01-29T13:45:12.129-03:00","@version":"1","message":"HHH000400: Using dialect: org.hibernate.dialect.MySQL5InnoDBDialect","logger_name":"org.hibernate.dialect.Dialect","thread_name":"main","level":"INFO","level_value":20000}
{"@timestamp":"2022-01-29T13:45:13.247-03:00","@version":"1","message":"HHH000490: Using JtaPlatform implementation: [org.hibernate.engine.transaction.jta.platform.internal.NoJtaPlatform]","logger_name":"org.hibernate.engine.transaction.jta.platform.internal.JtaPlatformInitiator","thread_name":"main","level":"INFO","level_value":20000}
{"@timestamp":"2022-01-29T13:45:13.281-03:00","@version":"1","message":"Initialized JPA EntityManagerFactory for persistence unit 'default'","logger_name":"org.springframework.orm.jpa.LocalContainerEntityManagerFactoryBean","thread_name":"main","level":"INFO","level_value":20000}
{"@timestamp":"2022-01-29T13:45:14.300-03:00","@version":"1","message":"spring.jpa.open-in-view is enabled by default. Therefore, database queries may be performed during view rendering. Explicitly configure spring.jpa.open-in-view to disable this warning","logger_name":"org.springframework.boot.autoconfigure.orm.jpa.JpaBaseConfiguration$JpaWebConfiguration","thread_name":"main","level":"WARN","level_value":30000}
{"@timestamp":"2022-01-29T13:45:14.631-03:00","@version":"1","message":"Mapped URL path [/v2/api-docs] onto method [springfox.documentation.swagger2.web.Swagger2Controller#getDocumentation(String, HttpServletRequest)]","logger_name":"springfox.documentation.spring.web.PropertySourcedRequestMappingHandlerMapping","thread_name":"main","level":"INFO","level_value":20000}
{"@timestamp":"2022-01-29T13:45:15.424-03:00","@version":"1","message":"Tomcat started on port(s): 7000 (http) with context path ''","logger_name":"org.springframework.boot.web.embedded.tomcat.TomcatWebServer","thread_name":"main","level":"INFO","level_value":20000}
{"@timestamp":"2022-01-29T13:45:15.440-03:00","@version":"1","message":"Context refreshed","logger_name":"springfox.documentation.spring.web.plugins.DocumentationPluginsBootstrapper","thread_name":"main","level":"INFO","level_value":20000}
{"@timestamp":"2022-01-29T13:45:15.563-03:00","@version":"1","message":"Found 1 custom documentation plugin(s)","logger_name":"springfox.documentation.spring.web.plugins.DocumentationPluginsBootstrapper","thread_name":"main","level":"INFO","level_value":20000}
{"@timestamp":"2022-01-29T13:45:15.639-03:00","@version":"1","message":"Scanning for api listing references","logger_name":"springfox.documentation.spring.web.scanners.ApiListingReferenceScanner","thread_name":"main","level":"INFO","level_value":20000}
{"@timestamp":"2022-01-29T13:45:15.893-03:00","@version":"1","message":"Started UserApplication in 14.141 seconds (JVM running for 14.589)","logger_name":"br.com.api.user.UserApplication","thread_name":"main","level":"INFO","level_value":20000}
{"@timestamp":"2022-01-29T13:57:05.168-03:00","@version":"1","message":"Closing JPA EntityManagerFactory for persistence unit 'default'","logger_name":"org.springframework.orm.jpa.LocalContainerEntityManagerFactoryBean","thread_name":"SpringApplicationShutdownHook","level":"INFO","level_value":20000}
{"@timestamp":"2022-01-29T13:57:05.250-03:00","@version":"1","message":"HikariPool-1 - Shutdown initiated...","logger_name":"com.zaxxer.hikari.HikariDataSource","thread_name":"SpringApplicationShutdownHook","level":"INFO","level_value":20000}
{"@timestamp":"2022-01-29T13:57:05.347-03:00","@version":"1","message":"HikariPool-1 - Shutdown completed.","logger_name":"com.zaxxer.hikari.HikariDataSource","thread_name":"SpringApplicationShutdownHook","level":"INFO","level_value":20000}
